<?xml version="1.0" encoding="UTF-8"?>
<testsuite name="JUnit Platform Suite" tests="0" skipped="0" failures="0" errors="0" time="0.001" hostname="DarkStar" timestamp="2025-09-18T10:06:28">
<properties>
<property name="file.encoding" value="UTF-8"/>
<property name="file.separator" value="\"/>
<property name="java.class.path" value=".;lib\junit-platform-console-standalone-1.10.2.jar"/>
<property name="java.class.version" value="67.0"/>
<property name="java.home" value="C:\Program Files\Java\jdk-23"/>
<property name="java.io.tmpdir" value="C:\Users\zombi\AppData\Local\Temp\"/>
<property name="java.library.path" value="C:\Program Files\Java\jdk-23\bin;C:\WINDOWS\Sun\Java\bin;C:\WINDOWS\system32;C:\WINDOWS;C:\Program Files\Common Files\Oracle\Java\javapath;C:\WINDOWS\system32;C:\WINDOWS;C:\WINDOWS\System32\Wbem;C:\WINDOWS\System32\WindowsPowerShell\v1.0\;C:\WINDOWS\System32\OpenSSH\;C:\Program Files (x86)\NVIDIA Corporation\PhysX\Common;C:\Program Files\Microsoft SQL Server\150\Tools\Binn\;C:\Program Files\Microsoft SQL Server\Client SDK\ODBC\170\Tools\Binn\;C:\Program Files\NVIDIA Corporation\NVIDIA app\NvDLISR;C:\Program Files\Git\cmd;C:\Program Files\Git\bin;C:\ProgramData\chocolatey\bin;C:\Program Files\nodejs\;C:\Program Files\dotnet\;C:\Program Files (x86)\Windows Kits\10\Windows Performance Toolkit\;C:\Program Files\PuTTY\;C:\Program Files\Common Files\Oracle\Java\javapath;C:\WINDOWS\system32;C:\WINDOWS;C:\WINDOWS\System32\Wbem;C:\WINDOWS\System32\WindowsPowerShell\v1.0\;C:\WINDOWS\System32\OpenSSH\;C:\Program Files (x86)\NVIDIA Corporation\PhysX\Common;C:\Program Files\Microsoft SQL Server\150\Tools\Binn\;C:\Program Files\Microsoft SQL Server\Client SDK\ODBC\170\Tools\Binn\;C:\Program Files\dotnet\;C:\Program Files (x86)\Windows Kits\10\Windows Performance Toolkit\;C:\Program Files\NVIDIA Corporation\NVIDIA app\NvDLISR;C:\Program Files\Git\cmd;C:\Program Files\Git\bin;C:\ProgramData\chocolatey\bin;C:\Program Files\nodejs\;C:\Users\zombi\AppData\Local\Programs\Python\Launcher\;C:\Users\zombi\AppData\Local\Microsoft\WindowsApps;C:\Users\zombi\.dotnet\tools;C:\Program Files\JetBrains\IntelliJ IDEA 2024.3.4.1\bin;C:\Program Files\JetBrains\IntelliJ IDEA Community Edition 2024.3.4.1\bin;C:\Users\zombi\AppData\Local\Programs\Python\Python313;C:\Users\zombi\AppData\Local\GitHubDesktop\bin;C:\Users\zombi\AppData\Local\Programs\Microsoft VS Code\bin;C:\xampp\php\;C:\Users\zombi\AppData\Roaming\npm;C:\Users\zombi\AppData\Roaming\npm;C:\Users\zombi\AppData\Roaming\npm;c:\users\zombi\appdata\local\packages\pythonsoftwarefoundation.python.3.13_qbz5n2kfra8p0\localcache\local-packages\python313\scripts;c:\users\zombi\.local\bin;C:\Users\zombi\AppData\Local\Programs\cursor\resources\app\bin;C:\Users\zombi\.dotnet\tools;C:\Users\zombi\AppData\Local\Programs\MiKTeX\miktex\bin\x64\;."/>
<property name="java.runtime.name" value="Java(TM) SE Runtime Environment"/>
<property name="java.runtime.version" value="23.0.2+7-58"/>
<property name="java.specification.name" value="Java Platform API Specification"/>
<property name="java.specification.vendor" value="Oracle Corporation"/>
<property name="java.specification.version" value="23"/>
<property name="java.vendor" value="Oracle Corporation"/>
<property name="java.vendor.url" value="https://java.oracle.com/"/>
<property name="java.vendor.url.bug" value="https://bugreport.java.com/bugreport/"/>
<property name="java.version" value="23.0.2"/>
<property name="java.version.date" value="2025-01-21"/>
<property name="java.vm.compressedOopsMode" value="Zero based"/>
<property name="java.vm.info" value="mixed mode, sharing"/>
<property name="java.vm.name" value="Java HotSpot(TM) 64-Bit Server VM"/>
<property name="java.vm.specification.name" value="Java Virtual Machine Specification"/>
<property name="java.vm.specification.vendor" value="Oracle Corporation"/>
<property name="java.vm.specification.version" value="23"/>
<property name="java.vm.vendor" value="Oracle Corporation"/>
<property name="java.vm.version" value="23.0.2+7-58"/>
<property name="jdk.debug" value="release"/>
<property name="line.separator" value="
"/>
<property name="native.encoding" value="Cp1252"/>
<property name="os.arch" value="amd64"/>
<property name="os.name" value="Windows 11"/>
<property name="os.version" value="10.0"/>
<property name="path.separator" value=";"/>
<property name="stderr.encoding" value="cp437"/>
<property name="stdout.encoding" value="cp437"/>
<property name="sun.arch.data.model" value="64"/>
<property name="sun.boot.library.path" value="C:\Program Files\Java\jdk-23\bin"/>
<property name="sun.cpu.endian" value="little"/>
<property name="sun.cpu.isalist" value="amd64"/>
<property name="sun.io.unicode.encoding" value="UnicodeLittle"/>
<property name="sun.java.command" value="JUnitTestRunner"/>
<property name="sun.java.launcher" value="SUN_STANDARD"/>
<property name="sun.jnu.encoding" value="Cp1252"/>
<property name="sun.management.compiler" value="HotSpot 64-Bit Tiered Compilers"/>
<property name="sun.os.patch.level" value=""/>
<property name="user.country" value="US"/>
<property name="user.dir" value="C:\Users\zombi\OneDrive\Desktop\CSC 3100 Data Structures and Algorithms\10_Course Project\Project"/>
<property name="user.home" value="C:\Users\zombi"/>
<property name="user.language" value="en"/>
<property name="user.name" value="zombi"/>
<property name="user.script" value=""/>
<property name="user.timezone" value="America/New_York"/>
<property name="user.variant" value=""/>
</properties>
<system-out><![CDATA[
unique-id: [engine:junit-platform-suite]
display-name: JUnit Platform Suite
]]></system-out>
</testsuite>
